[07/Apr/2022:07:59:46] (I): WordPress Instance Info:
[07/Apr/2022:07:59:46] (I): Home URL : http://localhost/wp-practice
[07/Apr/2022:07:59:46] (I): Site URL : http://localhost/wp-practice
[07/Apr/2022:07:59:46] (I): WordPress Version : 5.9.3
[07/Apr/2022:07:59:46] (I): Onboarding Version : 1.1.21
[07/Apr/2022:07:59:46] (I): Multisite : No
[07/Apr/2022:07:59:46] (I): Server Info : Apache/2.4.52 (Win64) OpenSSL/1.1.1m PHP/8.1.2
[07/Apr/2022:07:59:46] (I): PHP Version : 8.1.2
[07/Apr/2022:07:59:46] (I): HTTPS : No
[07/Apr/2022:07:59:46] (I): PHP Max Execution Time : 120
[07/Apr/2022:07:59:46] (I): PHP Max Input Vars : 1000
[07/Apr/2022:07:59:46] (I): Max Upload Size : 41943040
[07/Apr/2022:07:59:46] (I): Plugins:
[07/Apr/2022:07:59:46] (I): [PLUGIN] Gutenberg Blocks and Template Library by Otter : v2.0.1 (ThemeIsle)
[07/Apr/2022:07:59:46] (I): [PLUGIN] Templates Patterns Collection : v1.1.21 (ThemeIsle)
[07/Apr/2022:07:59:46] (I): [PLUGIN] WP2Static : v6.6.7 (Leon Stafford)
[07/Apr/2022:07:59:46] (P): Saving remote XML
[07/Apr/2022:07:59:46] (S): Saved remote XML at path C:\xampp\htdocs\wp-practice/wp-content/uploads/themeisle-demo-import.xml.
[07/Apr/2022:07:59:46] (P): Starting content import...
[07/Apr/2022:07:59:47] (S): Import started.
[07/Apr/2022:07:59:47] (S): Parsing XML file.
[07/Apr/2022:07:59:47] (P): Starting parsing file:C:\xampp\htdocs\wp-practice/wp-content/uploads/themeisle-demo-import.xml
[07/Apr/2022:07:59:47] (P): Using WXR_Parser_SimpleXML...
[07/Apr/2022:07:59:47] (S): Parsed XML
[07/Apr/2022:07:59:47] (P): Processing categories...
[07/Apr/2022:07:59:48] (S): Processed categories.
[07/Apr/2022:07:59:48] (P): Processing tags...
[07/Apr/2022:07:59:48] (S): No tags to process.
[07/Apr/2022:07:59:48] (P): Processing terms...
[07/Apr/2022:07:59:48] (W): Failed to import elementor_library_type page
[07/Apr/2022:07:59:48] (E): Invalid taxonomy.
[07/Apr/2022:07:59:48] (S): Processed terms.
[07/Apr/2022:07:59:48] (P): Processing posts...
[07/Apr/2022:07:59:48] (P): Processing attachment: https://s33834.pcdn.co/energy-panels-gb/wp-content/uploads/sites/483/2019/04/scott-webb-275095-unsplash-1-1-1.jpg...
[07/Apr/2022:07:59:48] (P): Fetching attachment from url: https://s33834.pcdn.co/energy-panels-gb/wp-content/uploads/sites/483/2019/04/scott-webb-275095-unsplash-1-1-1.jpg...
[07/Apr/2022:07:59:48] (S): Fetched remote attachment.
[07/Apr/2022:07:59:48] (P): Inserting attachment...
[07/Apr/2022:07:59:48] (S): Attachment inserted
[07/Apr/2022:07:59:48] (S): Processed attachment.
[07/Apr/2022:07:59:48] (P): Processing attachment: https://s33834.pcdn.co/energy-panels-gb/wp-content/uploads/sites/483/2019/09/neve-energy-panels-21.jpg...
[07/Apr/2022:07:59:48] (P): Fetching attachment from url: https://s33834.pcdn.co/energy-panels-gb/wp-content/uploads/sites/483/2019/09/neve-energy-panels-21.jpg...
[07/Apr/2022:07:59:49] (S): Fetched remote attachment.
[07/Apr/2022:07:59:49] (P): Inserting attachment...
[07/Apr/2022:07:59:49] (S): Attachment inserted
[07/Apr/2022:07:59:49] (S): Processed attachment.
[07/Apr/2022:07:59:49] (P): Processing attachment: https://s33834.pcdn.co/energy-panels-gb/wp-content/uploads/sites/483/2019/09/neve-energy-panels-19.jpg...
[07/Apr/2022:07:59:49] (P): Fetching attachment from url: https://s33834.pcdn.co/energy-panels-gb/wp-content/uploads/sites/483/2019/09/neve-energy-panels-19.jpg...
[07/Apr/2022:07:59:50] (S): Fetched remote attachment.
[07/Apr/2022:07:59:50] (P): Inserting attachment...
[07/Apr/2022:07:59:50] (S): Attachment inserted
[07/Apr/2022:07:59:50] (S): Processed attachment.
[07/Apr/2022:07:59:50] (P): Processing attachment: https://s33834.pcdn.co/energy-panels-gb/wp-content/uploads/sites/483/2019/09/neve-energy-panels-17.jpg...
[07/Apr/2022:07:59:50] (P): Fetching attachment from url: https://s33834.pcdn.co/energy-panels-gb/wp-content/uploads/sites/483/2019/09/neve-energy-panels-17.jpg...
[07/Apr/2022:07:59:50] (S): Fetched remote attachment.
[07/Apr/2022:07:59:50] (P): Inserting attachment...
[07/Apr/2022:07:59:50] (S): Attachment inserted
[07/Apr/2022:07:59:50] (S): Processed attachment.
[07/Apr/2022:07:59:50] (P): Processing attachment: https://s33834.pcdn.co/energy-panels-gb/wp-content/uploads/sites/483/2019/09/neve-energy-panels-16.jpg...
[07/Apr/2022:07:59:50] (P): Fetching attachment from url: https://s33834.pcdn.co/energy-panels-gb/wp-content/uploads/sites/483/2019/09/neve-energy-panels-16.jpg...
[07/Apr/2022:07:59:51] (S): Fetched remote attachment.
[07/Apr/2022:07:59:51] (P): Inserting attachment...
[07/Apr/2022:07:59:51] (S): Attachment inserted
[07/Apr/2022:07:59:51] (S): Processed attachment.
[07/Apr/2022:07:59:51] (P): Processing attachment: https://s33834.pcdn.co/energy-panels-gb/wp-content/uploads/sites/483/2019/09/neve-energy-panels-14.jpg...
[07/Apr/2022:07:59:51] (P): Fetching attachment from url: https://s33834.pcdn.co/energy-panels-gb/wp-content/uploads/sites/483/2019/09/neve-energy-panels-14.jpg...
[07/Apr/2022:07:59:51] (S): Fetched remote attachment.
[07/Apr/2022:07:59:51] (P): Inserting attachment...
[07/Apr/2022:07:59:51] (S): Attachment inserted
[07/Apr/2022:07:59:51] (S): Processed attachment.
[07/Apr/2022:07:59:51] (P): Processing attachment: https://s33834.pcdn.co/energy-panels-gb/wp-content/uploads/sites/483/2019/09/neve-energy-panels-15.jpg...
[07/Apr/2022:07:59:51] (P): Fetching attachment from url: https://s33834.pcdn.co/energy-panels-gb/wp-content/uploads/sites/483/2019/09/neve-energy-panels-15.jpg...
[07/Apr/2022:07:59:52] (S): Fetched remote attachment.
[07/Apr/2022:07:59:52] (P): Inserting attachment...
[07/Apr/2022:07:59:52] (S): Attachment inserted
[07/Apr/2022:07:59:52] (S): Processed attachment.
[07/Apr/2022:07:59:52] (P): Processing attachment: https://s33834.pcdn.co/energy-panels-gb/wp-content/uploads/sites/483/2019/09/neve-energy-panels-13.jpg...
[07/Apr/2022:07:59:52] (P): Fetching attachment from url: https://s33834.pcdn.co/energy-panels-gb/wp-content/uploads/sites/483/2019/09/neve-energy-panels-13.jpg...
[07/Apr/2022:07:59:52] (S): Fetched remote attachment.
[07/Apr/2022:07:59:52] (P): Inserting attachment...
[07/Apr/2022:07:59:52] (S): Attachment inserted
[07/Apr/2022:07:59:52] (S): Processed attachment.
[07/Apr/2022:07:59:52] (P): Processing attachment: https://s33834.pcdn.co/energy-panels-gb/wp-content/uploads/sites/483/2019/09/neve-energy-panels-12.jpg...
[07/Apr/2022:07:59:52] (P): Fetching attachment from url: https://s33834.pcdn.co/energy-panels-gb/wp-content/uploads/sites/483/2019/09/neve-energy-panels-12.jpg...
[07/Apr/2022:07:59:53] (S): Fetched remote attachment.
[07/Apr/2022:07:59:53] (P): Inserting attachment...
[07/Apr/2022:07:59:53] (S): Attachment inserted
[07/Apr/2022:07:59:53] (S): Processed attachment.
[07/Apr/2022:07:59:53] (P): Processing attachment: https://s33834.pcdn.co/energy-panels-gb/wp-content/uploads/sites/483/2019/09/neve-energy-panels-11.jpg...
[07/Apr/2022:07:59:53] (P): Fetching attachment from url: https://s33834.pcdn.co/energy-panels-gb/wp-content/uploads/sites/483/2019/09/neve-energy-panels-11.jpg...
[07/Apr/2022:07:59:53] (S): Fetched remote attachment.
[07/Apr/2022:07:59:53] (P): Inserting attachment...
[07/Apr/2022:07:59:53] (S): Attachment inserted
[07/Apr/2022:07:59:53] (S): Processed attachment.
[07/Apr/2022:07:59:53] (P): Processing attachment: https://s33834.pcdn.co/energy-panels-gb/wp-content/uploads/sites/483/2019/09/neve-energy-panels-10.jpg...
[07/Apr/2022:07:59:53] (P): Fetching attachment from url: https://s33834.pcdn.co/energy-panels-gb/wp-content/uploads/sites/483/2019/09/neve-energy-panels-10.jpg...
[07/Apr/2022:07:59:53] (S): Fetched remote attachment.
[07/Apr/2022:07:59:53] (P): Inserting attachment...
[07/Apr/2022:07:59:53] (S): Attachment inserted
[07/Apr/2022:07:59:53] (S): Processed attachment.
[07/Apr/2022:07:59:53] (P): Processing attachment: https://s33834.pcdn.co/energy-panels-gb/wp-content/uploads/sites/483/2019/09/neve-energy-panels-08.jpg...
[07/Apr/2022:07:59:53] (P): Fetching attachment from url: https://s33834.pcdn.co/energy-panels-gb/wp-content/uploads/sites/483/2019/09/neve-energy-panels-08.jpg...
[07/Apr/2022:07:59:54] (S): Fetched remote attachment.
[07/Apr/2022:07:59:54] (P): Inserting attachment...
[07/Apr/2022:07:59:54] (S): Attachment inserted
[07/Apr/2022:07:59:54] (S): Processed attachment.
[07/Apr/2022:07:59:54] (P): Processing attachment: https://s33834.pcdn.co/energy-panels-gb/wp-content/uploads/sites/483/2019/09/neve-energy-panels-09.jpg...
[07/Apr/2022:07:59:54] (P): Fetching attachment from url: https://s33834.pcdn.co/energy-panels-gb/wp-content/uploads/sites/483/2019/09/neve-energy-panels-09.jpg...
[07/Apr/2022:07:59:54] (S): Fetched remote attachment.
[07/Apr/2022:07:59:54] (P): Inserting attachment...
[07/Apr/2022:07:59:54] (S): Attachment inserted
[07/Apr/2022:07:59:54] (S): Processed attachment.
[07/Apr/2022:07:59:54] (P): Processing attachment: https://s33834.pcdn.co/energy-panels-gb/wp-content/uploads/sites/483/2019/09/neve-energy-panels-07.jpg...
[07/Apr/2022:07:59:54] (P): Fetching attachment from url: https://s33834.pcdn.co/energy-panels-gb/wp-content/uploads/sites/483/2019/09/neve-energy-panels-07.jpg...
[07/Apr/2022:07:59:55] (S): Fetched remote attachment.
[07/Apr/2022:07:59:55] (P): Inserting attachment...
[07/Apr/2022:07:59:55] (S): Attachment inserted
[07/Apr/2022:07:59:55] (S): Processed attachment.
[07/Apr/2022:07:59:55] (P): Processing attachment: https://s33834.pcdn.co/energy-panels-gb/wp-content/uploads/sites/483/2019/09/neve-energy-panels-06.jpg...
[07/Apr/2022:07:59:55] (P): Fetching attachment from url: https://s33834.pcdn.co/energy-panels-gb/wp-content/uploads/sites/483/2019/09/neve-energy-panels-06.jpg...
[07/Apr/2022:07:59:55] (S): Fetched remote attachment.
[07/Apr/2022:07:59:55] (P): Inserting attachment...
[07/Apr/2022:07:59:55] (S): Attachment inserted
[07/Apr/2022:07:59:55] (S): Processed attachment.
[07/Apr/2022:07:59:55] (P): Processing attachment: https://s33834.pcdn.co/energy-panels-gb/wp-content/uploads/sites/483/2019/09/neve-energy-panels-05.jpg...
[07/Apr/2022:07:59:55] (P): Fetching attachment from url: https://s33834.pcdn.co/energy-panels-gb/wp-content/uploads/sites/483/2019/09/neve-energy-panels-05.jpg...
[07/Apr/2022:07:59:55] (S): Fetched remote attachment.
[07/Apr/2022:07:59:55] (P): Inserting attachment...
[07/Apr/2022:07:59:56] (S): Attachment inserted
[07/Apr/2022:07:59:56] (S): Processed attachment.
[07/Apr/2022:07:59:56] (P): Processing attachment: https://s33834.pcdn.co/energy-panels-gb/wp-content/uploads/sites/483/2019/09/neve-energy-panels-04.jpg...
[07/Apr/2022:07:59:56] (P): Fetching attachment from url: https://s33834.pcdn.co/energy-panels-gb/wp-content/uploads/sites/483/2019/09/neve-energy-panels-04.jpg...
[07/Apr/2022:07:59:56] (S): Fetched remote attachment.
[07/Apr/2022:07:59:56] (P): Inserting attachment...
[07/Apr/2022:07:59:56] (S): Attachment inserted
[07/Apr/2022:07:59:56] (S): Processed attachment.
[07/Apr/2022:07:59:56] (P): Processing attachment: https://s33834.pcdn.co/energy-panels-gb/wp-content/uploads/sites/483/2019/09/neve-energy-panels-03.jpg...
[07/Apr/2022:07:59:56] (P): Fetching attachment from url: https://s33834.pcdn.co/energy-panels-gb/wp-content/uploads/sites/483/2019/09/neve-energy-panels-03.jpg...
[07/Apr/2022:07:59:57] (S): Fetched remote attachment.
[07/Apr/2022:07:59:57] (P): Inserting attachment...
[07/Apr/2022:07:59:57] (S): Attachment inserted
[07/Apr/2022:07:59:57] (S): Processed attachment.
[07/Apr/2022:07:59:57] (P): Processing attachment: https://s33834.pcdn.co/energy-panels-gb/wp-content/uploads/sites/483/2019/09/neve-energy-panels-02.jpg...
[07/Apr/2022:07:59:57] (P): Fetching attachment from url: https://s33834.pcdn.co/energy-panels-gb/wp-content/uploads/sites/483/2019/09/neve-energy-panels-02.jpg...
[07/Apr/2022:07:59:57] (S): Fetched remote attachment.
[07/Apr/2022:07:59:57] (P): Inserting attachment...
[07/Apr/2022:07:59:57] (S): Attachment inserted
[07/Apr/2022:07:59:57] (S): Processed attachment.
[07/Apr/2022:07:59:57] (P): Processing attachment: https://s33834.pcdn.co/energy-panels-gb/wp-content/uploads/sites/483/2019/09/neve-energy-panels-01.jpg...
[07/Apr/2022:07:59:57] (P): Fetching attachment from url: https://s33834.pcdn.co/energy-panels-gb/wp-content/uploads/sites/483/2019/09/neve-energy-panels-01.jpg...
[07/Apr/2022:07:59:58] (S): Fetched remote attachment.
[07/Apr/2022:07:59:58] (P): Inserting attachment...
[07/Apr/2022:07:59:58] (S): Attachment inserted
[07/Apr/2022:07:59:58] (S): Processed attachment.
[07/Apr/2022:07:59:58] (P): Inserting post: How to enable e-bill? .
[07/Apr/2022:07:59:58] (S): Done inserting post: How to enable e-bill? .
[07/Apr/2022:07:59:59] (P): Inserting post: Bills can only be paid online .
[07/Apr/2022:07:59:59] (S): Done inserting post: Bills can only be paid online .
[07/Apr/2022:07:59:59] (P): Inserting post: LED light bulbs reduce your bill .
[07/Apr/2022:08:00:00] (S): Done inserting post: LED light bulbs reduce your bill .
[07/Apr/2022:08:00:00] (P): Inserting custom_css: neve .
[07/Apr/2022:08:00:00] (S): Done inserting custom_css: neve .
[07/Apr/2022:08:00:00] (P): Processing attachment: https://s33834.pcdn.co/energy-panels-gb/wp-content/uploads/sites/483/2019/09/neve-energy-panels-22-1.jpg...
[07/Apr/2022:08:00:00] (P): Fetching attachment from url: https://s33834.pcdn.co/energy-panels-gb/wp-content/uploads/sites/483/2019/09/neve-energy-panels-22-1.jpg...
[07/Apr/2022:08:00:00] (S): Fetched remote attachment.
[07/Apr/2022:08:00:00] (P): Inserting attachment...
[07/Apr/2022:08:00:00] (S): Attachment inserted
[07/Apr/2022:08:00:00] (S): Processed attachment.
[07/Apr/2022:08:00:00] (P): Processing attachment: https://s33834.pcdn.co/energy-panels-gb/wp-content/uploads/sites/483/2019/09/cropped-neve-energy-panels-logo.png...
[07/Apr/2022:08:00:00] (P): Fetching attachment from url: https://s33834.pcdn.co/energy-panels-gb/wp-content/uploads/sites/483/2019/09/cropped-neve-energy-panels-logo.png...
[07/Apr/2022:08:00:01] (S): Fetched remote attachment.
[07/Apr/2022:08:00:01] (P): Inserting attachment...
[07/Apr/2022:08:00:01] (S): Attachment inserted
[07/Apr/2022:08:00:01] (S): Processed attachment.
[07/Apr/2022:08:00:01] (P): Processing attachment: https://s33834.pcdn.co/energy-panels-gb/wp-content/uploads/sites/483/2019/09/neve-energy-panels-icon.png...
[07/Apr/2022:08:00:01] (P): Fetching attachment from url: https://s33834.pcdn.co/energy-panels-gb/wp-content/uploads/sites/483/2019/09/neve-energy-panels-icon.png...
[07/Apr/2022:08:00:01] (S): Fetched remote attachment.
[07/Apr/2022:08:00:01] (P): Inserting attachment...
[07/Apr/2022:08:00:01] (S): Attachment inserted
[07/Apr/2022:08:00:01] (S): Processed attachment.
[07/Apr/2022:08:00:01] (P): Processing attachment: https://s33834.pcdn.co/energy-panels-gb/wp-content/uploads/sites/483/2019/09/neve-energy-panels-logo-1.png...
[07/Apr/2022:08:00:01] (P): Fetching attachment from url: https://s33834.pcdn.co/energy-panels-gb/wp-content/uploads/sites/483/2019/09/neve-energy-panels-logo-1.png...
[07/Apr/2022:08:00:01] (S): Fetched remote attachment.
[07/Apr/2022:08:00:01] (P): Inserting attachment...
[07/Apr/2022:08:00:01] (S): Attachment inserted
[07/Apr/2022:08:00:01] (S): Processed attachment.
[07/Apr/2022:08:00:01] (P): Processing attachment: https://s33834.pcdn.co/energy-panels-gb/wp-content/uploads/sites/483/2019/09/cropped-neve-energy-panels-logo-1.png...
[07/Apr/2022:08:00:01] (P): Fetching attachment from url: https://s33834.pcdn.co/energy-panels-gb/wp-content/uploads/sites/483/2019/09/cropped-neve-energy-panels-logo-1.png...
[07/Apr/2022:08:00:02] (S): Fetched remote attachment.
[07/Apr/2022:08:00:02] (P): Inserting attachment...
[07/Apr/2022:08:00:02] (S): Attachment inserted
[07/Apr/2022:08:00:02] (S): Processed attachment.
[07/Apr/2022:08:00:02] (P): Processing attachment: https://s33834.pcdn.co/energy-panels-gb/wp-content/uploads/sites/483/2019/09/cropped-neve-energy-panels-icon.png...
[07/Apr/2022:08:00:02] (P): Fetching attachment from url: https://s33834.pcdn.co/energy-panels-gb/wp-content/uploads/sites/483/2019/09/cropped-neve-energy-panels-icon.png...
[07/Apr/2022:08:00:02] (S): Fetched remote attachment.
[07/Apr/2022:08:00:02] (P): Inserting attachment...
[07/Apr/2022:08:00:02] (S): Attachment inserted
[07/Apr/2022:08:00:02] (S): Processed attachment.
[07/Apr/2022:08:00:02] (P): Inserting page: Homepage .
[07/Apr/2022:08:00:03] (S): Done inserting page: Homepage .
[07/Apr/2022:08:00:03] (P): Inserting page: About Us .
[07/Apr/2022:08:00:03] (S): Done inserting page: About Us .
[07/Apr/2022:08:00:04] (P): Inserting page: Services .
[07/Apr/2022:08:00:05] (S): Done inserting page: Services .
[07/Apr/2022:08:00:05] (P): Inserting page: Contact .
[07/Apr/2022:08:00:05] (S): Done inserting page: Contact .
[07/Apr/2022:08:00:06] (P): Processing single menu item ' '...
[07/Apr/2022:08:00:07] (S): Processed single menu item.
[07/Apr/2022:08:00:07] (P): Processing single menu item ' '...
[07/Apr/2022:08:00:07] (S): Processed single menu item.
[07/Apr/2022:08:00:07] (P): Processing single menu item ' '...
[07/Apr/2022:08:00:08] (S): Processed single menu item.
[07/Apr/2022:08:00:08] (P): Inserting page: Blog .
[07/Apr/2022:08:00:08] (S): Done inserting page: Blog .
[07/Apr/2022:08:00:08] (P): Processing single menu item ' '...
[07/Apr/2022:08:00:08] (S): Processed single menu item.
[07/Apr/2022:08:00:08] (P): Processing single menu item ' '...
[07/Apr/2022:08:00:09] (S): Processed single menu item.
[07/Apr/2022:08:00:09] (P): Inserting wp_block: text-img .
[07/Apr/2022:08:00:09] (S): Done inserting wp_block: text-img .
[07/Apr/2022:08:00:09] (P): Inserting wp_block: testimonial .
[07/Apr/2022:08:00:09] (S): Done inserting wp_block: testimonial .
[07/Apr/2022:08:00:09] (P): Inserting wp_block: services .
[07/Apr/2022:08:00:09] (S): Done inserting wp_block: services .
[07/Apr/2022:08:00:09] (P): Inserting wp_block: gallery .
[07/Apr/2022:08:00:09] (S): Done inserting wp_block: gallery .
[07/Apr/2022:08:00:09] (P): Inserting wp_block: text-img_white .
[07/Apr/2022:08:00:09] (S): Done inserting wp_block: text-img_white .
[07/Apr/2022:08:00:10] (P): Inserting wp_block: service-icons .
[07/Apr/2022:08:00:10] (S): Done inserting wp_block: service-icons .
[07/Apr/2022:08:00:10] (P): Inserting wp_block: hero-section .
[07/Apr/2022:08:00:10] (S): Done inserting wp_block: hero-section .
[07/Apr/2022:08:00:10] (P): Inserting wp_block: hero-blocks .
[07/Apr/2022:08:00:10] (S): Done inserting wp_block: hero-blocks .
[07/Apr/2022:08:00:10] (P): Inserting wp_block: count-down .
[07/Apr/2022:08:00:10] (S): Done inserting wp_block: count-down .
[07/Apr/2022:08:00:10] (S): Processed posts.
[07/Apr/2022:08:00:10] (P): Cleaning up import with id ...
[07/Apr/2022:08:00:10] (P): Done cleanup. Flushing cache...
[07/Apr/2022:08:00:10] (P): Flushed cache. Removing temporary data..
[07/Apr/2022:08:00:10] (S): Done importing
[07/Apr/2022:08:00:10] (P): Busting elementor cache
[07/Apr/2022:08:00:10] (S): Front page set up with id: 316.
